<?xml version="1.0" encoding="UTF-8"?>
<testsuite errors="0" failures="0" hostname="PC100" name="ParkTest" tests="7" time="0.016" timestamp="2012-12-20T13:20:35">
  <properties />
  <testcase classname="ParkTest" name="park_no_empty_space" time="0.0" />
  <testcase classname="ParkTest" name="get_car_vid_invalid_ticket" time="0.0" />
  <testcase classname="ParkTest" name="get_car_via_valid_ticket" time="0.0" />
  <testcase classname="ParkTest" name="get_car_twice" time="0.0" />
  <testcase classname="ParkTest" name="park_have_empty_space" time="0.0" />
  <testcase classname="ParkTest" name="park_empty_parkingLots" time="0.0" />
  <testcase classname="ParkTest" name="get_car_empty_parkingLot" time="0.0" />
  <system-out><![CDATA[]]></system-out>
  <system-err><![CDATA[]]></system-err>
</testsuite>
