<?xml version="1.0" encoding="UTF-8"?>
<testsuite errors="0" failures="0" hostname="PC104" name="PrintReport4DirectorTest" tests="3" time="0.015" timestamp="2012-12-21T03:34:22">
  <properties />
  <testcase classname="PrintReport4DirectorTest" name="print_ParkingManager" time="0.015" />
  <testcase classname="PrintReport4DirectorTest" name="print_ParkingBoy" time="0.0" />
  <testcase classname="PrintReport4DirectorTest" name="print_ParkingLot" time="0.0" />
  <system-out><![CDATA[]]></system-out>
  <system-err><![CDATA[]]></system-err>
</testsuite>
