<?xml version="1.0" encoding="UTF-8"?>
<testsuite errors="0" failures="0" hostname="PC100" name="PrintReport4DirectorTest" tests="3" time="0.0" timestamp="2012-12-20T14:12:25">
  <properties />
  <testcase classname="PrintReport4DirectorTest" name="print_ParkingManager" time="0.0" />
  <testcase classname="PrintReport4DirectorTest" name="print_ParkingBoy" time="0.0" />
  <testcase classname="PrintReport4DirectorTest" name="print_ParkingLot" time="0.0" />
  <system-out><![CDATA[ParkingManager{
ManagerID: 0
parkingLotList: { 
	ParkingLot{停车场编号： 1	车位数 ： 50	空位数 ： 40	Total车位数 ：50	Total空位数 ：40}
}
parkingBoyList: { 
	ParkingBoy{
	BoyNO: 1
	parkingLots:{ 
		ParkingLot{停车场编号： 2	车位数 ： 50	空位数 ： 30	Total车位数 ：50	Total空位数 ：30}
		ParkingLot{停车场编号： 3	车位数 ： 50	空位数 ： 50	Total车位数 ：50	Total空位数 ：50}
}
	Total车位数 ：100
	Total空位数 ：80
}
	ParkingBoy{
	BoyNO: 2
	parkingLots:{ 
		ParkingLot{停车场编号： 4	车位数 ： 50	空位数 ： 30	Total车位数 ：50	Total空位数 ：30}
		ParkingLot{停车场编号： 5	车位数 ： 50	空位数 ： 50	Total车位数 ：50	Total空位数 ：50}
}
	Total车位数 ：100
	Total空位数 ：80
}
}
Total车位数 ：250
Total空位数 ：200
}
ParkingBoy{
	BoyNO: 1
	parkingLots:{ 
		ParkingLot{停车场编号： 2	车位数 ： 50	空位数 ： 30	Total车位数 ：50	Total空位数 ：30}
		ParkingLot{停车场编号： 3	车位数 ： 50	空位数 ： 50	Total车位数 ：50	Total空位数 ：50}
}
	Total车位数 ：100
	Total空位数 ：80
}
ParkingLot{停车场编号： 1	车位数 ： 50	空位数 ： 40	Total车位数 ：50	Total空位数 ：40}
]]></system-out>
  <system-err><![CDATA[]]></system-err>
</testsuite>
